<?xml version="1.0" encoding="UTF-8"?>
<!-- Generated by org.testng.reporters.JUnitReportReporter -->
<testsuite hostname="PC04" name="hsenid.webapp.LoginTest" tests="3" failures="0" timestamp="29 Mar 2016 07:32:48 GMT" time="0.007" errors="0">
  <testcase name="testValidateByDB" time="0.001" classname="hsenid.webapp.LoginTest"/>
  <testcase name="testValidateByDB" time="0.006" classname="hsenid.webapp.LoginTest"/>
  <testcase name="testValidateByDB" time="0.000" classname="hsenid.webapp.LoginTest"/>
</testsuite> <!-- hsenid.webapp.LoginTest -->
