<?xml version="1.0" encoding="UTF-8"?>
<!-- Generated by org.testng.reporters.JUnitReportReporter -->
<testsuite hostname="PC04" name="hsenid.webapp.TranslatorTest" tests="4" failures="0" timestamp="30 Mar 2016 11:04:06 GMT" time="4.690" errors="0">
  <testcase name="testTranslate" time="1.380" classname="hsenid.webapp.TranslatorTest"/>
  <testcase name="testTranslate" time="1.098" classname="hsenid.webapp.TranslatorTest"/>
  <testcase name="testTranslate" time="1.084" classname="hsenid.webapp.TranslatorTest"/>
  <testcase name="testTranslate" time="1.128" classname="hsenid.webapp.TranslatorTest"/>
</testsuite> <!-- hsenid.webapp.TranslatorTest -->
