<?xml version="1.0" encoding="UTF-8"?>
<!-- Generated by org.testng.reporters.JUnitReportReporter -->
<testsuite hostname="PC04" name="hsenid.webapp.TranslatorTest" tests="4" failures="0" timestamp="30 Mar 2016 09:06:03 GMT" time="4.665" errors="0">
  <testcase name="testTranslate" time="1.094" classname="hsenid.webapp.TranslatorTest"/>
  <testcase name="testTranslate" time="1.091" classname="hsenid.webapp.TranslatorTest"/>
  <testcase name="testTranslate" time="1.106" classname="hsenid.webapp.TranslatorTest"/>
  <testcase name="testTranslate" time="1.374" classname="hsenid.webapp.TranslatorTest"/>
</testsuite> <!-- hsenid.webapp.TranslatorTest -->
