<?xml version="1.0" encoding="UTF-8"?>
<!-- Generated by org.testng.reporters.JUnitReportReporter -->
<testsuite hostname="PC04" name="hsenid.webapp.LoginTest" tests="3" failures="0" timestamp="29 Mar 2016 11:25:30 GMT" time="0.005" errors="0">
  <testcase name="testValidateByDB" time="0.005" classname="hsenid.webapp.LoginTest"/>
  <testcase name="testValidateByDB" time="0.000" classname="hsenid.webapp.LoginTest"/>
  <testcase name="testValidateByDB" time="0.000" classname="hsenid.webapp.LoginTest"/>
</testsuite> <!-- hsenid.webapp.LoginTest -->
