<?xml version="1.0" encoding="UTF-8"?>
<!-- Generated by org.testng.reporters.JUnitReportReporter -->
<testsuite hostname="PC04" name="hsenid.webapp.LoginTest" tests="15" failures="0" timestamp="30 Mar 2016 11:04:06 GMT" time="0.024" errors="0">
  <testcase name="testValidateByDB" time="0.004" classname="hsenid.webapp.LoginTest"/>
  <testcase name="testValidateByDB" time="0.001" classname="hsenid.webapp.LoginTest"/>
  <testcase name="testValidateByDB" time="0.001" classname="hsenid.webapp.LoginTest"/>
  <testcase name="testValidateByDB" time="0.001" classname="hsenid.webapp.LoginTest"/>
  <testcase name="testValidateByDB" time="0.001" classname="hsenid.webapp.LoginTest"/>
  <testcase name="testValidateByDB" time="0.000" classname="hsenid.webapp.LoginTest"/>
  <testcase name="testValidateByDB" time="0.000" classname="hsenid.webapp.LoginTest"/>
  <testcase name="testValidateByDB" time="0.009" classname="hsenid.webapp.LoginTest"/>
  <testcase name="testValidateByDB" time="0.001" classname="hsenid.webapp.LoginTest"/>
  <testcase name="testValidateByDB" time="0.001" classname="hsenid.webapp.LoginTest"/>
  <testcase name="testValidateByDB" time="0.002" classname="hsenid.webapp.LoginTest"/>
  <testcase name="testValidateByDB" time="0.001" classname="hsenid.webapp.LoginTest"/>
  <testcase name="testValidateByDB" time="0.000" classname="hsenid.webapp.LoginTest"/>
  <testcase name="testValidateByDB" time="0.001" classname="hsenid.webapp.LoginTest"/>
  <testcase name="testValidateByDB" time="0.001" classname="hsenid.webapp.LoginTest"/>
</testsuite> <!-- hsenid.webapp.LoginTest -->
