<?xml version="1.0" encoding="UTF-8"?>
<!-- Generated by org.testng.reporters.JUnitReportReporter -->
<testsuite hostname="PC04" name="hsenid.webapp.LoginTest" tests="21" failures="0" timestamp="1 Apr 2016 09:40:16 GMT" time="0.018" errors="0">
  <testcase name="testValidateByDB" time="0.001" classname="hsenid.webapp.LoginTest"/>
  <testcase name="testValidateByDB" time="0.001" classname="hsenid.webapp.LoginTest"/>
  <testcase name="testValidateByDB" time="0.001" classname="hsenid.webapp.LoginTest"/>
  <testcase name="testValidateByDB" time="0.000" classname="hsenid.webapp.LoginTest"/>
  <testcase name="testValidateByDB" time="0.001" classname="hsenid.webapp.LoginTest"/>
  <testcase name="testValidateByDB" time="0.001" classname="hsenid.webapp.LoginTest"/>
  <testcase name="testValidateByDB" time="0.002" classname="hsenid.webapp.LoginTest"/>
  <testcase name="testValidateByDB" time="0.001" classname="hsenid.webapp.LoginTest"/>
  <testcase name="testValidateByDB" time="0.001" classname="hsenid.webapp.LoginTest"/>
  <testcase name="testValidateByDB" time="0.001" classname="hsenid.webapp.LoginTest"/>
  <testcase name="testValidateByDB" time="0.000" classname="hsenid.webapp.LoginTest"/>
  <testcase name="testValidateByDB" time="0.000" classname="hsenid.webapp.LoginTest"/>
  <testcase name="testValidateByDB" time="0.000" classname="hsenid.webapp.LoginTest"/>
  <testcase name="testValidateByDB" time="0.000" classname="hsenid.webapp.LoginTest"/>
  <testcase name="testValidateByDB" time="0.000" classname="hsenid.webapp.LoginTest"/>
  <testcase name="testValidateByDB" time="0.001" classname="hsenid.webapp.LoginTest"/>
  <testcase name="testValidateByDB" time="0.000" classname="hsenid.webapp.LoginTest"/>
  <testcase name="testValidateByDB" time="0.001" classname="hsenid.webapp.LoginTest"/>
  <testcase name="testValidateByDB" time="0.005" classname="hsenid.webapp.LoginTest"/>
  <testcase name="testValidateByDB" time="0.001" classname="hsenid.webapp.LoginTest"/>
  <testcase name="testValidateByDB" time="0.000" classname="hsenid.webapp.LoginTest"/>
</testsuite> <!-- hsenid.webapp.LoginTest -->
